[2023-04-23 00:00:34] getData: 0001
[2023-04-23 00:05:16] getData: 0001
[2023-04-23 00:06:21] getData: 0001
[2023-04-23 00:14:29]  登入失敗
[2023-04-23 00:15:15] 0001 登入成功
[2023-04-23 00:15:15] getData: 0001
[2023-04-23 00:15:37]  登入失敗
[2023-04-23 00:15:45] 0001 登入成功
[2023-04-23 00:15:46] getData: 0001
[2023-04-23 00:18:13] 0001 登入成功
[2023-04-23 00:18:13] getData: 0001
[2023-04-23 00:19:48] getData: 0001
[2023-04-23 00:21:29] getData: 0001
[2023-04-23 00:22:05] getData: 0001
[2023-04-23 00:23:11] getData: 0001
[2023-04-23 00:23:55] getData: 0001
[2023-04-23 00:23:58] getData: 0001
[2023-04-23 00:37:32] getData: 0001
[2023-04-23 00:37:42] getData: 0001
[2023-04-23 00:40:07] getData: 0001
[2023-04-23 00:40:11] loadSalary: 0001
[2023-04-23 00:40:22] : 
[2023-04-23 00:40:24] : 
[2023-04-23 00:40:42] : 
[2023-04-23 00:40:49] : 
[2023-04-23 00:44:58] : 
[2023-04-23 00:46:56] : 
[2023-04-23 00:48:37] getData: 0001
[2023-04-23 00:48:40] saveData: 
[2023-04-23 00:49:17] getData: 0001
[2023-04-23 00:49:19] saveData: 
[2023-04-23 00:51:56] getData: 0001
[2023-04-23 00:51:57] saveData: 
[2023-04-23 00:51:57] addSalary: 0001
[2023-04-23 00:53:33] getData: 0001
[2023-04-23 00:53:34] addSalary: 0001
[2023-04-23 00:53:34] saveData: 
[2023-04-23 00:53:43] addSalary: 0001
[2023-04-23 00:53:43] saveData: 
[2023-04-23 00:54:45] getData: 0001
[2023-04-23 00:54:46] addSalary: 0001
[2023-04-23 00:54:46] saveData: 
[2023-04-23 00:54:52] addSalary: 0001
[2023-04-23 00:54:52] saveData: 
[2023-04-23 00:55:29] getData: 0001
[2023-04-23 00:55:30] addSalary: 0001
[2023-04-23 00:55:30] saveData: 
[2023-04-23 00:55:59] getData: 0001
[2023-04-23 00:56:00] saveData: 
[2023-04-23 00:56:00] addSalary: 0001
[2023-04-23 00:56:27] addSalary: 0001
[2023-04-23 00:56:27] saveData: 
[2023-04-23 00:56:29] addSalary: 0001
[2023-04-23 00:56:29] saveData: 
[2023-04-23 00:56:32] addSalary: 0001
[2023-04-23 00:56:32] saveData: 
[2023-04-23 00:57:21] getData: 0001
[2023-04-23 00:57:23] addSalary: 0001
[2023-04-23 00:57:23] saveData: 
[2023-04-23 00:57:44] getData: 0001
[2023-04-23 00:57:45] addSalary: 0001
[2023-04-23 00:57:45] saveData: 
[2023-04-23 00:58:22] getData: 0001
[2023-04-23 00:58:44] getData: 0001
[2023-04-23 00:58:47] getData: 0001
[2023-04-23 00:58:48] getData: 0001
[2023-04-23 00:59:01] 0001 登入成功
[2023-04-23 00:59:01] getData: 0001
[2023-04-23 00:59:14] getData: 0001
[2023-04-23 00:59:25] 0001 登入成功
[2023-04-23 00:59:25] getData: 0001
[2023-04-23 00:59:48] getData: 0001
[2023-04-23 00:59:49] addSalary: 0001
[2023-04-23 00:59:49] saveData: 
[2023-04-23 01:00:14] addSalary: 0001
[2023-04-23 01:00:14] saveData: 
[2023-04-23 01:00:32] addSalary: 0001
[2023-04-23 01:00:32] saveData: 
[2023-04-23 01:01:21] addSalary: 0001
[2023-04-23 01:01:21] saveData: 
[2023-04-23 01:01:38] addSalary: 0001
[2023-04-23 01:01:38] saveData: 
[2023-04-23 01:01:49] addSalary: 0001
[2023-04-23 01:01:49] saveData: 
[2023-04-23 01:02:42] saveData: 
[2023-04-23 01:02:42] addSalary: 0001
[2023-04-23 01:02:55] addSalary: 0001
[2023-04-23 01:02:55] saveData: 
[2023-04-23 01:05:44] addSalary: 0001
[2023-04-23 01:05:44] saveData: 
[2023-04-23 01:08:44] getData: 0001
[2023-04-23 01:08:59] getData: 0001
[2023-04-23 01:09:01] addSalary: 0001
[2023-04-23 01:09:06] addSalary: 0001
[2023-04-23 01:11:23] getData: 0001
[2023-04-23 01:11:30] loadSalary: 0001
[2023-04-23 01:13:33] getData: 0001
[2023-04-23 01:13:52] getData: 0001
[2023-04-23 01:15:22] getData: 0001
[2023-04-23 01:15:48] getData: 0001
[2023-04-23 01:15:49] loadSalary: 0001
[2023-04-23 01:15:55] getData: 0001
[2023-04-23 01:16:26] getData: 0001
[2023-04-23 01:16:28] loadSalary: 0001
[2023-04-23 01:16:38] getData: 0001
[2023-04-23 01:17:15] getData: 0001
[2023-04-23 01:17:25] getData: 0001
[2023-04-23 01:17:47] getData: 0001
[2023-04-23 01:18:01] getData: 0001
[2023-04-23 01:18:07] getData: 0001
[2023-04-23 01:18:33] getData: 0001
[2023-04-23 01:18:45] getData: 0001
[2023-04-23 01:19:09] getData: 0001
[2023-04-23 01:19:18] getData: 0001
[2023-04-23 01:19:32] getData: 0001
[2023-04-23 01:19:45] getData: 0001
[2023-04-23 01:20:06] getData: 0001
[2023-04-23 01:20:09] addSalary: 0001
[2023-04-23 01:20:31] addSalary: 0001
[2023-04-23 01:22:15] getData: 0001
[2023-04-23 01:22:17] addSalary: 0001
[2023-04-23 01:22:46] getData: 0001
[2023-04-23 01:22:52] addSalary: 0001
[2023-04-23 01:23:07] addSalary: 0001
[2023-04-23 01:23:10] getData: 0001
[2023-04-23 01:23:13] addSalary: 0001
[2023-04-23 01:24:30] getData: 0001
[2023-04-23 01:24:33] addSalary: 0001
[2023-04-23 01:24:43] addSalary: 0001
[2023-04-23 01:24:53] addSalary: 0001
[2023-04-23 01:25:06] getData: 0001
[2023-04-23 01:25:09] addSalary: 0001
[2023-04-23 01:25:20] addSalary: 0001
[2023-04-23 01:25:44] getData: 0001
[2023-04-23 01:25:46] addSalary: 0001
[2023-04-23 01:26:31] addSalary: 0001
[2023-04-23 01:27:50] addSalary: 0001
[2023-04-23 01:28:33] addSalary: 0001
[2023-04-23 01:29:30] addSalary: 0001
[2023-04-23 01:29:31] getData: 0001
[2023-04-23 01:29:36] addSalary: 0001
[2023-04-23 01:29:57] addSalary: 0001
[2023-04-23 01:31:03] getData: 0001
[2023-04-23 01:31:06] addSalary: 0001
[2023-04-23 01:31:25] getData: 0001
[2023-04-23 01:31:28] addSalary: 0001
[2023-04-23 01:31:40] getData: 0001
[2023-04-23 01:31:43] addSalary: 0001
[2023-04-23 01:32:00] addSalary: 0001
[2023-04-23 01:32:10] getData: 0001
[2023-04-23 01:32:13] addSalary: 0001
[2023-04-23 01:32:31] addSalary: 0001
[2023-04-23 01:32:33] addSalary: 0001
[2023-04-23 01:32:45] addSalary: 0001
[2023-04-23 01:32:53] addSalary: 0001
[2023-04-23 01:36:52] addSalary: 0001
[2023-04-23 01:37:03] addSalary: 0001
[2023-04-23 01:38:54] addSalary: 0001
[2023-04-23 01:40:22] addSalary: 0001
[2023-04-23 01:43:34] addSalary: 0001
[2023-04-23 01:43:47] addSalary: 0001
[2023-04-23 01:44:34] getData: 0001
[2023-04-23 01:44:35] loadSalary: 0001
[2023-04-23 01:44:48] getData: 0001
[2023-04-23 01:44:52] addSalary: 0001
[2023-04-23 01:45:15] addSalary: 0001
[2023-04-23 01:47:14] getData: 0001
[2023-04-23 01:47:17] addSalary: 0001
[2023-04-23 01:47:29] addSalary: 0001
[2023-04-23 01:47:53] addSalary: 0001
[2023-04-23 01:47:55] loadSalary: 0001
[2023-04-23 01:48:00] addSalary: 0001
[2023-04-23 01:48:01] getData: 0001
[2023-04-23 01:48:05] addSalary: 0001
[2023-04-23 01:48:21] getData: 0001
[2023-04-23 01:48:23] addSalary: 0001
[2023-04-23 01:48:49] getData: 0001
[2023-04-23 01:49:56] getData: 0001
[2023-04-23 01:49:57] addSalary: 0001
[2023-04-23 01:50:00] addSalary: 0001
[2023-04-23 01:50:01] addSalary: 0001
[2023-04-23 01:51:08] getData: 0001
[2023-04-23 01:51:11] addSalary: 0001
[2023-04-23 01:52:58] getData: 0001
[2023-04-23 01:53:04] addSalary: 0001
[2023-04-23 01:54:07] getData: 0001
[2023-04-23 01:54:12] addSalary: 0001
[2023-04-23 01:54:19] getData: 0001
[2023-04-23 01:54:22] addSalary: 0001
[2023-04-23 01:55:21] addSalary: 0001
[2023-04-23 01:55:43] 0002 登入成功
[2023-04-23 01:55:43] getData: 0002
[2023-04-23 01:55:45] loadSalary: 0002
[2023-04-23 01:55:48] addSalary: 0002
[2023-04-23 01:55:51] saveData: 0002
[2023-04-23 01:55:51] getData: 0002
[2023-04-23 01:55:53] loadSalary: 0002
[2023-04-23 01:55:58] addSalary: 0002
[2023-04-23 01:56:22] getData: 0002
[2023-04-23 01:56:26] addSalary: 0002
[2023-04-23 01:56:44] getData: 0002
[2023-04-23 01:56:47] addSalary: 0002
[2023-04-23 01:57:46] getData: 0002
[2023-04-23 01:57:49] addSalary: 0002
[2023-04-23 01:58:01] getData: 0002
[2023-04-23 01:58:04] addSalary: 0002
[2023-04-23 01:58:09] getData: 0002
[2023-04-23 01:58:14] addSalary: 0002
[2023-04-23 01:58:52] getData: 0002
[2023-04-23 01:58:54] addSalary: 0002
[2023-04-23 02:00:49] getData: 0002
[2023-04-23 02:00:52] addSalary: 0002
[2023-04-23 02:00:58] addSalary: 0002
[2023-04-23 02:01:03] addSalary: 0002
[2023-04-23 02:09:48] getData: 0002
[2023-04-23 02:09:50] loadSalary: 0002
[2023-04-23 02:10:14] getData: 0002
[2023-04-23 02:10:15] loadSalary: 0002
[2023-04-23 02:10:33] addSalary: 0002
[2023-04-23 02:17:54] getData: 0002
[2023-04-23 02:17:57] addSalary: 0002
[2023-04-23 02:19:04] getData: 0002
[2023-04-23 02:19:05] loadSalary: 0002
[2023-04-23 02:19:57] getData: 0002
[2023-04-23 02:19:58] loadSalary: 0002
[2023-04-23 02:20:54] getData: 0002
[2023-04-23 02:20:54] loadSalary: 0002
[2023-04-23 02:21:40] getData: 0002
[2023-04-23 02:21:41] loadSalary: 0002
[2023-04-23 02:21:56] addSalary: 0002
[2023-04-23 02:22:25] addSalary: 0002
[2023-04-23 02:22:29] addSalary: 0002
[2023-04-23 02:22:32] addSalary: 0002
[2023-04-23 02:22:36] addSalary: 0002
[2023-04-23 02:22:40] addSalary: 0002
[2023-04-23 02:22:44] addSalary: 0002
[2023-04-23 02:22:48] addSalary: 0002
[2023-04-23 02:22:51] addSalary: 0002
[2023-04-23 02:25:48] getData: 0002
[2023-04-23 02:25:48] loadSalary: 0002
[2023-04-23 02:26:29] getData: 0002
[2023-04-23 02:26:29] loadSalary: 0002
[2023-04-23 02:27:57] getData: 0002
[2023-04-23 02:27:58] loadSalary: 0002
[2023-04-23 02:29:00] getData: 0002
[2023-04-23 02:29:01] loadSalary: 0002
[2023-04-23 02:31:22] getData: 0002
[2023-04-23 02:31:23] loadSalary: 0002
[2023-04-23 02:33:56] getData: 0002
[2023-04-23 02:33:56] loadSalary: 0002
[2023-04-23 02:34:08] getData: 0002
[2023-04-23 02:34:09] loadSalary: 0002
[2023-04-23 02:35:31] getData: 0002
[2023-04-23 02:35:31] loadSalary: 0002
[2023-04-23 02:36:44] getData: 0002
[2023-04-23 02:36:44] loadSalary: 0002
[2023-04-23 02:37:14] getData: 0002
[2023-04-23 02:37:15] loadSalary: 0002
[2023-04-23 02:37:59] getData: 0002
[2023-04-23 02:37:59] loadSalary: 0002
[2023-04-23 02:38:07] getData: 0002
[2023-04-23 02:38:09] getData: 0002
[2023-04-23 02:38:15] getData: 0002
[2023-04-23 02:38:16] loadSalary: 0002
[2023-04-23 02:38:52] getData: 0002
[2023-04-23 02:38:52] loadSalary: 0002
[2023-04-23 02:39:13] getData: 0002
[2023-04-23 02:39:15] loadSalary: 0002
[2023-04-23 02:39:23] getData: 0002
[2023-04-23 02:39:24] loadSalary: 0002
[2023-04-23 02:39:37] getData: 0002
[2023-04-23 02:39:38] loadSalary: 0002
[2023-04-23 02:39:48] getData: 0002
[2023-04-23 02:39:49] loadSalary: 0002
[2023-04-23 02:40:22] getData: 0002
[2023-04-23 02:40:22] loadSalary: 0002
[2023-04-23 02:41:10] getData: 0002
[2023-04-23 02:41:11] loadSalary: 0002
[2023-04-23 02:41:54] getData: 0002
[2023-04-23 02:41:56] loadSalary: 0002
[2023-04-23 02:42:38] getData: 0002
[2023-04-23 02:42:42] loadSalary: 0002
[2023-04-23 02:43:04] getData: 0002
[2023-04-23 02:44:41] getData: 0002
[2023-04-23 02:44:41] loadSalary: 0002
[2023-04-23 02:44:53] getData: 0002
[2023-04-23 02:44:54] loadSalary: 0002
[2023-04-23 02:45:31] getData: 0002
[2023-04-23 02:45:31] loadSalary: 0002
[2023-04-23 02:45:59] getData: 0002
[2023-04-23 02:46:00] loadSalary: 0002
[2023-04-23 02:46:06] getData: 0002
[2023-04-23 02:46:07] loadSalary: 0002
[2023-04-23 02:47:46] getData: 0002
[2023-04-23 02:47:47] loadSalary: 0002
[2023-04-23 02:48:05] getData: 0002
[2023-04-23 02:48:06] loadSalary: 0002
[2023-04-23 02:48:55] getData: 0002
[2023-04-23 02:48:56] loadSalary: 0002
[2023-04-23 02:50:06] getData: 0002
[2023-04-23 02:50:07] loadSalary: 0002
[2023-04-23 02:51:15] getData: 0002
[2023-04-23 02:51:17] loadSalary: 0002
[2023-04-23 02:51:25] getData: 0002
[2023-04-23 02:52:00] getData: 0002
[2023-04-23 02:52:11] getData: 0002
[2023-04-23 02:52:18] getData: 0002
[2023-04-23 02:52:28] getData: 0002
[2023-04-23 02:53:04] loadSalary: 0002
[2023-04-23 02:54:47] getData: 0002
[2023-04-23 02:54:49] loadSalary: 0002
[2023-04-23 02:55:49] getData: 0002
[2023-04-23 02:56:04] getData: 0002
[2023-04-23 02:56:05] loadSalary: 0002
[2023-04-23 02:56:31] getData: 0002
[2023-04-23 02:56:54] getData: 0002
[2023-04-23 02:57:32] getData: 0002
[2023-04-23 02:59:07] getData: 0002
[2023-04-23 03:03:52] getData: 0002
[2023-04-23 03:04:11] loadSalary: 0002
[2023-04-23 03:05:27] getData: 0002
[2023-04-23 03:05:37] 0001 登入成功
[2023-04-23 03:05:37] getData: 0001
[2023-04-23 03:06:46] getData: 0001
[2023-04-23 03:07:19] getData: 0001
[2023-04-23 03:08:27] getData: 0001
[2023-04-23 03:08:29] getData: 0001
[2023-04-23 03:08:53] getData: 0001
[2023-04-23 03:09:17] getData: 0001
[2023-04-23 03:10:37] getData: 0001
[2023-04-23 03:11:34] getData: 0001
[2023-04-23 03:11:38] saveData: 
[2023-04-23 03:11:39] getData: 0001
[2023-04-23 03:11:40] loadSalary: 0001
[2023-04-23 03:13:31] getData: 0001
[2023-04-23 03:14:18] getData: 0001
[2023-04-23 03:14:38] getData: 0001
[2023-04-23 03:14:40] loadSalary: 0001
[2023-04-23 03:14:51] 0002 登入成功
[2023-04-23 03:14:51] getData: 0002
[2023-04-23 03:14:54] loadSalary: 0002
[2023-04-23 03:15:56] getData: 0002
[2023-04-23 03:15:57] loadSalary: 0002
[2023-04-23 03:16:09] addSalary: 0002
[2023-04-23 03:17:16] getData: 0002
[2023-04-23 03:17:24] 0001 登入成功
[2023-04-23 03:17:24] getData: 0001
[2023-04-23 03:19:24] 0001 登入成功
[2023-04-23 03:19:24] getData: 0001
[2023-04-23 03:19:31] loadSalary: 0001
[2023-04-23 03:19:38] 0002 登入成功
[2023-04-23 03:19:38] getData: 0002
[2023-04-23 03:19:41] loadSalary: 0002
[2023-04-23 03:20:11] getData: 0002
[2023-04-23 03:20:12] loadSalary: 0002
[2023-04-23 03:27:50] 0001 登入成功
[2023-04-23 03:27:50] getData: 0001
[2023-04-23 03:27:56] loadSalary: 0001
[2023-04-23 03:28:08] 0002 登入成功
[2023-04-23 03:28:08] getData: 0002
[2023-04-23 03:28:10] loadSalary: 0002
[2023-04-23 03:28:29] getData: 0002
[2023-04-23 03:28:35] 0001 登入失敗
[2023-04-23 03:28:39] 0001 登入成功
[2023-04-23 03:28:39] getData: 0001
[2023-04-23 03:28:41] loadSalary: 0001
[2023-04-23 03:34:33] 0002 登入成功
[2023-04-23 03:34:34] getData: 0002
[2023-04-23 03:35:53] getData: 0002
[2023-04-23 03:37:17] getData: 0002
[2023-04-23 03:37:44] getData: 0002
[2023-04-23 03:38:33] getData: 0002
[2023-04-23 03:38:43] loadSalary: 0002
[2023-04-23 03:38:53] addSalary: 0002
[2023-04-23 03:40:12] getData: 0002
[2023-04-23 03:40:13] loadSalary: 0002
[2023-04-23 03:40:22] addSalary: 0002
[2023-04-23 03:42:18] getData: 0002
[2023-04-23 03:42:19] loadSalary: 0002
[2023-04-23 03:44:34] getData: 0002
[2023-04-23 03:44:39] loadSalary: 0002
[2023-04-23 03:45:10] getData: 0002
[2023-04-23 03:45:16] loadSalary: 0002
[2023-04-23 03:46:39] getData: 0002
[2023-04-23 03:47:10] getData: 0002
[2023-04-23 03:47:34] getData: 0002
[2023-04-23 03:47:41] loadSalary: 0002
[2023-04-23 03:49:34] getData: 0002
[2023-04-23 03:51:42] getData: 0002
[2023-04-23 03:51:42] loadSalary: 0002
[2023-04-23 03:54:31] getData: 0002
[2023-04-23 03:54:34] loadSalary: 0002
[2023-04-23 03:55:43] getData: 0002
[2023-04-23 03:55:45] loadSalary: 0002
[2023-04-23 03:56:02] getData: 0002
[2023-04-23 03:56:03] loadSalary: 0002
[2023-04-23 03:57:54] getData: 0002
[2023-04-23 03:57:54] loadSalary: 0002
[2023-04-23 03:57:55] loadSalary: 0002
[2023-04-23 03:57:55] loadSalary: 0002
[2023-04-23 03:58:06] getData: 0002
[2023-04-23 03:58:06] loadSalary: 0002
[2023-04-23 03:58:37] getData: 0002
[2023-04-23 03:58:37] loadSalary: 0002
[2023-04-23 03:58:38] loadSalary: 0002
[2023-04-23 03:58:38] loadSalary: 0002
[2023-04-23 04:00:03] getData: 0002
[2023-04-23 04:00:04] loadSalary: 0002
[2023-04-23 04:00:04] loadSalary: 0002
[2023-04-23 04:00:05] loadSalary: 0002
[2023-04-23 04:00:38] getData: 0002
[2023-04-23 04:00:39] loadSalary: 0002
[2023-04-23 04:01:34] getData: 0002
[2023-04-23 04:01:34] loadSalary: 0002
[2023-04-23 04:01:40] addSalary: 0002
[2023-04-23 04:01:46] saveData: 
[2023-04-23 04:02:51] 0001 登入成功
[2023-04-23 04:02:52] getData: 0001
[2023-04-23 04:02:55] loadSalary: 0001
[2023-04-23 04:03:04]  登入失敗
[2023-04-23 04:03:16] 0002 登入成功
[2023-04-23 04:03:16] getData: 0002
[2023-04-23 04:03:17] loadSalary: 0002
[2023-04-23 04:05:27] getData: 0002
[2023-04-23 04:05:29] getData: 0002
[2023-04-23 04:05:35] getData: 0002
[2023-04-23 04:05:37] loadSalary: 0002
[2023-04-23 04:05:49] getData: 0002
[2023-04-23 04:05:50] loadSalary: 0002
[2023-04-23 04:06:02] 0002 登入成功
[2023-04-23 04:06:02] getData: 0002
[2023-04-23 04:06:07] loadSalary: 0002
[2023-04-23 04:07:41] getData: 0002
[2023-04-23 04:07:42] loadSalary: 0002
[2023-04-23 04:08:29] getData: 0002
[2023-04-23 04:08:30] loadSalary: 0002
[2023-04-23 04:09:19] getData: 0002
[2023-04-23 04:09:20] loadSalary: 0002
[2023-04-23 04:10:54] getData: 0002
[2023-04-23 04:10:56] loadSalary: 0002
[2023-04-23 04:11:25] getData: 0002
[2023-04-23 04:11:26] loadSalary: 0002
[2023-04-23 04:11:35] getData: 0002
[2023-04-23 04:11:35] loadSalary: 0002
[2023-04-23 04:13:21] getData: 0002
[2023-04-23 04:13:22] loadSalary: 0002
[2023-04-23 04:13:46] 0002 登入成功
[2023-04-23 04:13:46] getData: 0002
[2023-04-23 04:14:33] getData: 0002
[2023-04-23 04:14:34] loadSalary: 0002
[2023-04-23 13:02:01] 0001 登入成功
[2023-04-23 13:02:01] getData: 0001
[2023-04-23 13:02:02] loadSalary: 0001
